C:\USERS\JEREMYLUNA27\DOCUMENTS\JUNIOR\2ND SEM\IT266\QUAKE2\SRC\RELEASE\M_BERSERK.OBJ
C:\USERS\JEREMYLUNA27\DOCUMENTS\JUNIOR\2ND SEM\IT266\QUAKE2\SRC\RELEASE\M_ACTOR.OBJ
C:\USERS\JEREMYLUNA27\DOCUMENTS\JUNIOR\2ND SEM\IT266\QUAKE2\SRC\RELEASE\G_WEAPON.OBJ
C:\USERS\JEREMYLUNA27\DOCUMENTS\JUNIOR\2ND SEM\IT266\QUAKE2\SRC\RELEASE\G_UTILS.OBJ
C:\USERS\JEREMYLUNA27\DOCUMENTS\JUNIOR\2ND SEM\IT266\QUAKE2\SRC\RELEASE\G_TURRET.OBJ
C:\USERS\JEREMYLUNA27\DOCUMENTS\JUNIOR\2ND SEM\IT266\QUAKE2\SRC\RELEASE\G_TRIGGER.OBJ
C:\USERS\JEREMYLUNA27\DOCUMENTS\JUNIOR\2ND SEM\IT266\QUAKE2\SRC\RELEASE\G_TARGET.OBJ
C:\USERS\JEREMYLUNA27\DOCUMENTS\JUNIOR\2ND SEM\IT266\QUAKE2\SRC\RELEASE\G_SVCMDS.OBJ
C:\USERS\JEREMYLUNA27\DOCUMENTS\JUNIOR\2ND SEM\IT266\QUAKE2\SRC\RELEASE\G_SPAWN.OBJ
C:\USERS\JEREMYLUNA27\DOCUMENTS\JUNIOR\2ND SEM\IT266\QUAKE2\SRC\RELEASE\G_SAVE.OBJ
C:\USERS\JEREMYLUNA27\DOCUMENTS\JUNIOR\2ND SEM\IT266\QUAKE2\SRC\RELEASE\G_PHYS.OBJ
C:\USERS\JEREMYLUNA27\DOCUMENTS\JUNIOR\2ND SEM\IT266\QUAKE2\SRC\RELEASE\G_MONSTER.OBJ
C:\USERS\JEREMYLUNA27\DOCUMENTS\JUNIOR\2ND SEM\IT266\QUAKE2\SRC\RELEASE\G_MISC.OBJ
C:\USERS\JEREMYLUNA27\DOCUMENTS\JUNIOR\2ND SEM\IT266\QUAKE2\SRC\RELEASE\G_MAIN.OBJ
C:\USERS\JEREMYLUNA27\DOCUMENTS\JUNIOR\2ND SEM\IT266\QUAKE2\SRC\RELEASE\G_ITEMS.OBJ
C:\USERS\JEREMYLUNA27\DOCUMENTS\JUNIOR\2ND SEM\IT266\QUAKE2\SRC\RELEASE\G_FUNC.OBJ
C:\USERS\JEREMYLUNA27\DOCUMENTS\JUNIOR\2ND SEM\IT266\QUAKE2\SRC\RELEASE\G_COMBAT.OBJ
C:\USERS\JEREMYLUNA27\DOCUMENTS\JUNIOR\2ND SEM\IT266\QUAKE2\SRC\RELEASE\G_CMDS.OBJ
C:\USERS\JEREMYLUNA27\DOCUMENTS\JUNIOR\2ND SEM\IT266\QUAKE2\SRC\RELEASE\G_CHASE.OBJ
C:\USERS\JEREMYLUNA27\DOCUMENTS\JUNIOR\2ND SEM\IT266\QUAKE2\SRC\RELEASE\G_AI.OBJ
C:\USERS\JEREMYLUNA27\DOCUMENTS\JUNIOR\2ND SEM\IT266\QUAKE2\SRC\RELEASE\M_SOLDIER.OBJ
C:\USERS\JEREMYLUNA27\DOCUMENTS\JUNIOR\2ND SEM\IT266\QUAKE2\SRC\RELEASE\M_PARASITE.OBJ
C:\USERS\JEREMYLUNA27\DOCUMENTS\JUNIOR\2ND SEM\IT266\QUAKE2\SRC\RELEASE\M_MUTANT.OBJ
C:\USERS\JEREMYLUNA27\DOCUMENTS\JUNIOR\2ND SEM\IT266\QUAKE2\SRC\RELEASE\M_MOVE.OBJ
C:\USERS\JEREMYLUNA27\DOCUMENTS\JUNIOR\2ND SEM\IT266\QUAKE2\SRC\RELEASE\M_MEDIC.OBJ
C:\USERS\JEREMYLUNA27\DOCUMENTS\JUNIOR\2ND SEM\IT266\QUAKE2\SRC\RELEASE\M_INSANE.OBJ
C:\USERS\JEREMYLUNA27\DOCUMENTS\JUNIOR\2ND SEM\IT266\QUAKE2\SRC\RELEASE\M_INFANTRY.OBJ
C:\USERS\JEREMYLUNA27\DOCUMENTS\JUNIOR\2ND SEM\IT266\QUAKE2\SRC\RELEASE\M_HOVER.OBJ
C:\USERS\JEREMYLUNA27\DOCUMENTS\JUNIOR\2ND SEM\IT266\QUAKE2\SRC\RELEASE\M_GUNNER.OBJ
C:\USERS\JEREMYLUNA27\DOCUMENTS\JUNIOR\2ND SEM\IT266\QUAKE2\SRC\RELEASE\M_GLADIATOR.OBJ
C:\USERS\JEREMYLUNA27\DOCUMENTS\JUNIOR\2ND SEM\IT266\QUAKE2\SRC\RELEASE\M_FLYER.OBJ
C:\USERS\JEREMYLUNA27\DOCUMENTS\JUNIOR\2ND SEM\IT266\QUAKE2\SRC\RELEASE\M_FLOAT.OBJ
C:\USERS\JEREMYLUNA27\DOCUMENTS\JUNIOR\2ND SEM\IT266\QUAKE2\SRC\RELEASE\M_FLIPPER.OBJ
C:\USERS\JEREMYLUNA27\DOCUMENTS\JUNIOR\2ND SEM\IT266\QUAKE2\SRC\RELEASE\M_FLASH.OBJ
C:\USERS\JEREMYLUNA27\DOCUMENTS\JUNIOR\2ND SEM\IT266\QUAKE2\SRC\RELEASE\M_CHICK.OBJ
C:\USERS\JEREMYLUNA27\DOCUMENTS\JUNIOR\2ND SEM\IT266\QUAKE2\SRC\RELEASE\M_BRAIN.OBJ
C:\USERS\JEREMYLUNA27\DOCUMENTS\JUNIOR\2ND SEM\IT266\QUAKE2\SRC\RELEASE\M_BOSS32.OBJ
C:\USERS\JEREMYLUNA27\DOCUMENTS\JUNIOR\2ND SEM\IT266\QUAKE2\SRC\RELEASE\M_BOSS31.OBJ
C:\USERS\JEREMYLUNA27\DOCUMENTS\JUNIOR\2ND SEM\IT266\QUAKE2\SRC\RELEASE\M_BOSS3.OBJ
C:\USERS\JEREMYLUNA27\DOCUMENTS\JUNIOR\2ND SEM\IT266\QUAKE2\SRC\RELEASE\M_BOSS2.OBJ
C:\USERS\JEREMYLUNA27\DOCUMENTS\JUNIOR\2ND SEM\IT266\QUAKE2\SRC\RELEASE\Q_SHARED.OBJ
C:\USERS\JEREMYLUNA27\DOCUMENTS\JUNIOR\2ND SEM\IT266\QUAKE2\SRC\RELEASE\P_WEAPON.OBJ
C:\USERS\JEREMYLUNA27\DOCUMENTS\JUNIOR\2ND SEM\IT266\QUAKE2\SRC\RELEASE\P_VIEW.OBJ
C:\USERS\JEREMYLUNA27\DOCUMENTS\JUNIOR\2ND SEM\IT266\QUAKE2\SRC\RELEASE\P_TRAIL.OBJ
C:\USERS\JEREMYLUNA27\DOCUMENTS\JUNIOR\2ND SEM\IT266\QUAKE2\SRC\RELEASE\P_HUD.OBJ
C:\USERS\JEREMYLUNA27\DOCUMENTS\JUNIOR\2ND SEM\IT266\QUAKE2\SRC\RELEASE\P_CLIENT.OBJ
C:\USERS\JEREMYLUNA27\DOCUMENTS\JUNIOR\2ND SEM\IT266\QUAKE2\SRC\RELEASE\M_TANK.OBJ
C:\USERS\JEREMYLUNA27\DOCUMENTS\JUNIOR\2ND SEM\IT266\QUAKE2\SRC\RELEASE\M_SUPERTANK.OBJ
C:\Users\jeremyluna27\Documents\Junior\2nd Sem\IT266\Quake2\release\gamex86.lib
C:\Users\jeremyluna27\Documents\Junior\2nd Sem\IT266\Quake2\release\gamex86.exp
C:\PROGRAM FILES (X86)\STEAM\STEAMAPPS\COMMON\QUAKE 2\BASEQ2\GAMEX86.DLL
C:\Users\jeremyluna27\Documents\Junior\2nd Sem\IT266\Quake2\src\release\g_ai.obj
C:\Users\jeremyluna27\Documents\Junior\2nd Sem\IT266\Quake2\src\release\g_chase.obj
C:\Users\jeremyluna27\Documents\Junior\2nd Sem\IT266\Quake2\src\release\g_cmds.obj
C:\Users\jeremyluna27\Documents\Junior\2nd Sem\IT266\Quake2\src\release\g_combat.obj
C:\Users\jeremyluna27\Documents\Junior\2nd Sem\IT266\Quake2\src\release\g_func.obj
C:\Users\jeremyluna27\Documents\Junior\2nd Sem\IT266\Quake2\src\release\g_items.obj
C:\Users\jeremyluna27\Documents\Junior\2nd Sem\IT266\Quake2\src\release\g_main.obj
C:\Users\jeremyluna27\Documents\Junior\2nd Sem\IT266\Quake2\src\release\g_misc.obj
C:\Users\jeremyluna27\Documents\Junior\2nd Sem\IT266\Quake2\src\release\g_monster.obj
C:\Users\jeremyluna27\Documents\Junior\2nd Sem\IT266\Quake2\src\release\g_phys.obj
C:\Users\jeremyluna27\Documents\Junior\2nd Sem\IT266\Quake2\src\release\g_save.obj
C:\Users\jeremyluna27\Documents\Junior\2nd Sem\IT266\Quake2\src\release\g_spawn.obj
C:\Users\jeremyluna27\Documents\Junior\2nd Sem\IT266\Quake2\src\release\g_svcmds.obj
C:\Users\jeremyluna27\Documents\Junior\2nd Sem\IT266\Quake2\src\release\g_target.obj
C:\Users\jeremyluna27\Documents\Junior\2nd Sem\IT266\Quake2\src\release\g_trigger.obj
C:\Users\jeremyluna27\Documents\Junior\2nd Sem\IT266\Quake2\src\release\g_turret.obj
C:\Users\jeremyluna27\Documents\Junior\2nd Sem\IT266\Quake2\src\release\g_utils.obj
C:\Users\jeremyluna27\Documents\Junior\2nd Sem\IT266\Quake2\src\release\g_weapon.obj
C:\Users\jeremyluna27\Documents\Junior\2nd Sem\IT266\Quake2\src\release\m_actor.obj
C:\Users\jeremyluna27\Documents\Junior\2nd Sem\IT266\Quake2\src\release\m_berserk.obj
C:\Users\jeremyluna27\Documents\Junior\2nd Sem\IT266\Quake2\src\release\m_boss2.obj
C:\Users\jeremyluna27\Documents\Junior\2nd Sem\IT266\Quake2\src\release\m_boss3.obj
C:\Users\jeremyluna27\Documents\Junior\2nd Sem\IT266\Quake2\src\release\m_boss31.obj
C:\Users\jeremyluna27\Documents\Junior\2nd Sem\IT266\Quake2\src\release\m_boss32.obj
C:\Users\jeremyluna27\Documents\Junior\2nd Sem\IT266\Quake2\src\release\m_brain.obj
C:\Users\jeremyluna27\Documents\Junior\2nd Sem\IT266\Quake2\src\release\m_chick.obj
C:\Users\jeremyluna27\Documents\Junior\2nd Sem\IT266\Quake2\src\release\m_flash.obj
C:\Users\jeremyluna27\Documents\Junior\2nd Sem\IT266\Quake2\src\release\m_flipper.obj
C:\Users\jeremyluna27\Documents\Junior\2nd Sem\IT266\Quake2\src\release\m_float.obj
C:\Users\jeremyluna27\Documents\Junior\2nd Sem\IT266\Quake2\src\release\m_flyer.obj
C:\Users\jeremyluna27\Documents\Junior\2nd Sem\IT266\Quake2\src\release\m_gladiator.obj
C:\Users\jeremyluna27\Documents\Junior\2nd Sem\IT266\Quake2\src\release\m_gunner.obj
C:\Users\jeremyluna27\Documents\Junior\2nd Sem\IT266\Quake2\src\release\m_hover.obj
C:\Users\jeremyluna27\Documents\Junior\2nd Sem\IT266\Quake2\src\release\m_infantry.obj
C:\Users\jeremyluna27\Documents\Junior\2nd Sem\IT266\Quake2\src\release\m_insane.obj
C:\Users\jeremyluna27\Documents\Junior\2nd Sem\IT266\Quake2\src\release\m_medic.obj
C:\Users\jeremyluna27\Documents\Junior\2nd Sem\IT266\Quake2\src\release\m_move.obj
C:\Users\jeremyluna27\Documents\Junior\2nd Sem\IT266\Quake2\src\release\m_mutant.obj
C:\Users\jeremyluna27\Documents\Junior\2nd Sem\IT266\Quake2\src\release\m_parasite.obj
C:\Users\jeremyluna27\Documents\Junior\2nd Sem\IT266\Quake2\src\release\m_soldier.obj
C:\Users\jeremyluna27\Documents\Junior\2nd Sem\IT266\Quake2\src\release\m_supertank.obj
C:\Users\jeremyluna27\Documents\Junior\2nd Sem\IT266\Quake2\src\release\m_tank.obj
C:\Users\jeremyluna27\Documents\Junior\2nd Sem\IT266\Quake2\src\release\p_client.obj
C:\Users\jeremyluna27\Documents\Junior\2nd Sem\IT266\Quake2\src\release\p_hud.obj
C:\Users\jeremyluna27\Documents\Junior\2nd Sem\IT266\Quake2\src\release\p_trail.obj
C:\Users\jeremyluna27\Documents\Junior\2nd Sem\IT266\Quake2\src\release\p_view.obj
C:\Users\jeremyluna27\Documents\Junior\2nd Sem\IT266\Quake2\src\release\p_weapon.obj
C:\Users\jeremyluna27\Documents\Junior\2nd Sem\IT266\Quake2\src\release\q_shared.obj
C:\Users\jeremyluna27\Documents\Junior\2nd Sem\IT266\Quake2\src\release\cl.command.1.tlog
C:\Users\jeremyluna27\Documents\Junior\2nd Sem\IT266\Quake2\src\release\CL.read.1.tlog
C:\Users\jeremyluna27\Documents\Junior\2nd Sem\IT266\Quake2\src\release\CL.write.1.tlog
C:\Users\jeremyluna27\Documents\Junior\2nd Sem\IT266\Quake2\src\release\game.write.1.tlog
C:\Users\jeremyluna27\Documents\Junior\2nd Sem\IT266\Quake2\src\release\link-cvtres.read.1.tlog
C:\Users\jeremyluna27\Documents\Junior\2nd Sem\IT266\Quake2\src\release\link-cvtres.write.1.tlog
C:\Users\jeremyluna27\Documents\Junior\2nd Sem\IT266\Quake2\src\release\link-rc.read.1.tlog
C:\Users\jeremyluna27\Documents\Junior\2nd Sem\IT266\Quake2\src\release\link-rc.write.1.tlog
C:\Users\jeremyluna27\Documents\Junior\2nd Sem\IT266\Quake2\src\release\link.command.1.tlog
C:\Users\jeremyluna27\Documents\Junior\2nd Sem\IT266\Quake2\src\release\link.read.1.tlog
C:\Users\jeremyluna27\Documents\Junior\2nd Sem\IT266\Quake2\src\release\link.write.1.tlog
C:\Users\jeremyluna27\Documents\Junior\2nd Sem\IT266\Quake2\src\..\..\..\..\..\..\..\..\Program Files (x86)\Steam\steamapps\common\Quake 2\baseq2\gamex86.dll
